#
# There is insufficient memory for the Java Runtime Environment to continue.
# Native memory allocation (malloc) failed to allocate 1397328 bytes for Chunk::new
# Possible reasons:
#   The system is out of physical RAM or swap space
#   In 32 bit mode, the process size limit was hit
# Possible solutions:
#   Reduce memory load on the system
#   Increase physical memory or swap space
#   Check if swap backing store is full
#   Use 64 bit Java on a 64 bit OS
#   Decrease Java heap size (-Xmx/-Xms)
#   Decrease number of Java threads
#   Decrease Java thread stack sizes (-Xss)
#   Set larger code cache with -XX:ReservedCodeCacheSize=
# This output file may be truncated or incomplete.
#
#  Out of Memory Error (allocation.cpp:390), pid=3744, tid=0x0000000000000578
#
# JRE version: Java(TM) SE Runtime Environment (8.0_151-b12) (build 1.8.0_151-b12)
# Java VM: Java HotSpot(TM) 64-Bit Server VM (25.151-b12 mixed mode windows-amd64 compressed oops)
# Failed to write core dump. Minidumps are not enabled by default on client versions of Windows
#

---------------  T H R E A D  ---------------

Current thread (0x000000001b28a000):  JavaThread "C2 CompilerThread1" daemon [_thread_in_native, id=1400, stack(0x000000001b5d0000,0x000000001b6d0000)]

Stack: [0x000000001b5d0000,0x000000001b6d0000]
[error occurred during error reporting (printing stack bounds), id 0xc0000005]

Native frames: (J=compiled Java code, j=interpreted, Vv=VM code, C=native code)


Current CompileTask:
C2:   7281 4058   !   4       org.springframework.core.annotation.AnnotatedElementUtils::searchWithFindSemantics (774 bytes)


---------------  P R O C E S S  ---------------

Java Threads: ( => current thread )
  0x000000001cf27000 JavaThread "HikariPool-1 connection adder" daemon [_thread_blocked, id=12592, stack(0x00000000235a0000,0x00000000236a0000)]
  0x000000001cf26000 JavaThread "HikariPool-1 housekeeper" daemon [_thread_blocked, id=2572, stack(0x0000000023380000,0x0000000023480000)]
  0x000000001cf2c000 JavaThread "container-0" [_thread_blocked, id=6020, stack(0x0000000021eb0000,0x0000000021fb0000)]
  0x000000001cf2b800 JavaThread "Catalina-utility-2" [_thread_blocked, id=15304, stack(0x0000000021db0000,0x0000000021eb0000)]
  0x000000001cf27800 JavaThread "Catalina-utility-1" [_thread_blocked, id=14648, stack(0x0000000021cb0000,0x0000000021db0000)]
  0x000000001b38f800 JavaThread "Service Thread" daemon [_thread_blocked, id=16160, stack(0x000000001b7d0000,0x000000001b8d0000)]
  0x000000001b36a800 JavaThread "C1 CompilerThread2" daemon [_thread_blocked, id=13612, stack(0x000000001b6d0000,0x000000001b7d0000)]
=>0x000000001b28a000 JavaThread "C2 CompilerThread1" daemon [_thread_in_native, id=1400, stack(0x000000001b5d0000,0x000000001b6d0000)]
  0x000000001b289000 JavaThread "C2 CompilerThread0" daemon [_thread_in_native, id=15508, stack(0x000000001b4d0000,0x000000001b5d0000)]
  0x000000001b32f000 JavaThread "Monitor Ctrl-Break" daemon [_thread_in_native, id=16988, stack(0x000000001b3d0000,0x000000001b4d0000)]
  0x0000000019962000 JavaThread "Attach Listener" daemon [_thread_blocked, id=11600, stack(0x000000001aed0000,0x000000001afd0000)]
  0x0000000019961000 JavaThread "Signal Dispatcher" daemon [_thread_blocked, id=17212, stack(0x000000001add0000,0x000000001aed0000)]
  0x0000000019950000 JavaThread "Finalizer" daemon [_thread_blocked, id=9272, stack(0x000000001abb0000,0x000000001acb0000)]
  0x00000000028d6000 JavaThread "Reference Handler" daemon [_thread_blocked, id=16672, stack(0x000000001aab0000,0x000000001abb0000)]
  0x00000000027e5800 JavaThread "main" [_thread_in_vm, id=15128, stack(0x0000000002410000,0x0000000002510000)]

Other Threads:
  0x0000000019926800 VMThread [stack: 0x000000001a9b0000,0x000000001aab0000] [id=9596]
  0x000000001b923800 WatcherThread [stack: 0x000000001c0d0000,0x000000001c1d0000] [id=12636]

VM state:not at safepoint (normal execution)

VM Mutex/Monitor currently owned by a thread: None

Heap:
 PSYoungGen      total 258560K, used 68591K [0x0000000780980000, 0x0000000791f00000, 0x00000007c0000000)
  eden space 246784K, 23% used [0x0000000780980000,0x0000000784100730,0x000000078fa80000)
  from space 11776K, 99% used [0x0000000790b00000,0x000000079167b670,0x0000000791680000)
  to   space 16896K, 0% used [0x000000078fa80000,0x000000078fa80000,0x0000000790b00000)
 ParOldGen       total 103424K, used 21521K [0x0000000701c00000, 0x0000000708100000, 0x0000000780980000)
  object space 103424K, 20% used [0x0000000701c00000,0x0000000703104710,0x0000000708100000)
 Metaspace       used 55091K, capacity 57490K, committed 57688K, reserved 1099776K
  class space    used 7521K, capacity 7959K, committed 8024K, reserved 1048576K

Card table byte_map: [0x0000000011ca0000,0x00000000122a0000] byte_map_base: 0x000000000e492000

Marking Bits: (ParMarkBitMap*) 0x000000005966d850
 Begin Bits: [0x0000000012aa0000, 0x0000000015a30000)
 End Bits:   [0x0000000015a30000, 0x00000000189c0000)

Polling page: 0x00000000005e0000

CodeCache: size=245760Kb used=13529Kb max_used=14925Kb free=232230Kb
 bounds [0x00000000028e0000, 0x0000000003780000, 0x00000000118e0000]
 total_blobs=4320 nmethods=3785 adapters=447
 compilation: enabled

Compilation events (10 events):
Event: 7.232 Thread 0x000000001b36a800 4234       3       org.springframework.aop.support.annotation.AnnotationClassFilter::matches (27 bytes)
Event: 7.233 Thread 0x000000001b36a800 nmethod 4234 0x0000000002cbcc10 code [0x0000000002cbcec0, 0x0000000002cbe328]
Event: 7.237 Thread 0x000000001b36a800 4236       1       org.springframework.dao.annotation.PersistenceExceptionTranslationAdvisor::getPointcut (5 bytes)
Event: 7.237 Thread 0x000000001b36a800 nmethod 4236 0x0000000002aeae10 code [0x0000000002aeaf60, 0x0000000002aeb070]
Event: 7.237 Thread 0x000000001b36a800 4238       2       org.springframework.util.ClassUtils::isAssignableValue (34 bytes)
Event: 7.238 Thread 0x000000001b36a800 nmethod 4238 0x0000000002a44090 code [0x0000000002a44220, 0x0000000002a44488]
Event: 7.238 Thread 0x000000001b36a800 4237       1       org.springframework.core.MethodParameter::getAnnotatedElement (5 bytes)
Event: 7.238 Thread 0x000000001b36a800 nmethod 4237 0x0000000002e91610 code [0x0000000002e91760, 0x0000000002e91870]
Event: 7.242 Thread 0x000000001b36a800 4239   !   2       org.springframework.beans.factory.support.DefaultSingletonBeanRegistry::getSingleton (117 bytes)
Event: 7.242 Thread 0x000000001b36a800 nmethod 4239 0x0000000002a5cb50 code [0x0000000002a5cd20, 0x0000000002a5d268]

GC Heap History (10 events):
Event: 3.042 GC heap before
{Heap before GC invocations=6 (full 1):
 PSYoungGen      total 106496K, used 98304K [0x0000000780980000, 0x0000000787980000, 0x00000007c0000000)
  eden space 98304K, 100% used [0x0000000780980000,0x0000000786980000,0x0000000786980000)
  from space 8192K, 0% used [0x0000000787180000,0x0000000787180000,0x0000000787980000)
  to   space 8192K, 0% used [0x0000000786980000,0x0000000786980000,0x0000000787180000)
 ParOldGen       total 70656K, used 5347K [0x0000000701c00000, 0x0000000706100000, 0x0000000780980000)
  object space 70656K, 7% used [0x0000000701c00000,0x0000000702138c58,0x0000000706100000)
 Metaspace       used 26029K, capacity 27002K, committed 27136K, reserved 1073152K
  class space    used 3356K, capacity 3575K, committed 3584K, reserved 1048576K
Event: 3.063 GC heap after
Heap after GC invocations=6 (full 1):
 PSYoungGen      total 106496K, used 7217K [0x0000000780980000, 0x000000078bb80000, 0x00000007c0000000)
  eden space 98304K, 0% used [0x0000000780980000,0x0000000780980000,0x0000000786980000)
  from space 8192K, 88% used [0x0000000786980000,0x000000078708c418,0x0000000787180000)
  to   space 9728K, 0% used [0x000000078b200000,0x000000078b200000,0x000000078bb80000)
 ParOldGen       total 70656K, used 5419K [0x0000000701c00000, 0x0000000706100000, 0x0000000780980000)
  object space 70656K, 7% used [0x0000000701c00000,0x000000070214ac68,0x0000000706100000)
 Metaspace       used 26029K, capacity 27002K, committed 27136K, reserved 1073152K
  class space    used 3356K, capacity 3575K, committed 3584K, reserved 1048576K
}
Event: 4.210 GC heap before
{Heap before GC invocations=7 (full 1):
 PSYoungGen      total 106496K, used 105467K [0x0000000780980000, 0x000000078bb80000, 0x00000007c0000000)
  eden space 98304K, 99% used [0x0000000780980000,0x0000000786972b50,0x0000000786980000)
  from space 8192K, 88% used [0x0000000786980000,0x000000078708c418,0x0000000787180000)
  to   space 9728K, 0% used [0x000000078b200000,0x000000078b200000,0x000000078bb80000)
 ParOldGen       total 70656K, used 5419K [0x0000000701c00000, 0x0000000706100000, 0x0000000780980000)
  object space 70656K, 7% used [0x0000000701c00000,0x000000070214ac68,0x0000000706100000)
 Metaspace       used 31986K, capacity 33436K, committed 33664K, reserved 1079296K
  class space    used 4112K, capacity 4412K, committed 4480K, reserved 1048576K
Event: 4.221 GC heap after
Heap after GC invocations=7 (full 1):
 PSYoungGen      total 167424K, used 9697K [0x0000000780980000, 0x000000078bb80000, 0x00000007c0000000)
  eden space 157696K, 0% used [0x0000000780980000,0x0000000780980000,0x000000078a380000)
  from space 9728K, 99% used [0x000000078b200000,0x000000078bb784d8,0x000000078bb80000)
  to   space 11776K, 0% used [0x000000078a480000,0x000000078a480000,0x000000078b000000)
 ParOldGen       total 70656K, used 6726K [0x0000000701c00000, 0x0000000706100000, 0x0000000780980000)
  object space 70656K, 9% used [0x0000000701c00000,0x00000007022918b8,0x0000000706100000)
 Metaspace       used 31986K, capacity 33436K, committed 33664K, reserved 1079296K
  class space    used 4112K, capacity 4412K, committed 4480K, reserved 1048576K
}
Event: 4.523 GC heap before
{Heap before GC invocations=8 (full 1):
 PSYoungGen      total 167424K, used 45211K [0x0000000780980000, 0x000000078bb80000, 0x00000007c0000000)
  eden space 157696K, 22% used [0x0000000780980000,0x0000000782c2e7f8,0x000000078a380000)
  from space 9728K, 99% used [0x000000078b200000,0x000000078bb784d8,0x000000078bb80000)
  to   space 11776K, 0% used [0x000000078a480000,0x000000078a480000,0x000000078b000000)
 ParOldGen       total 70656K, used 6726K [0x0000000701c00000, 0x0000000706100000, 0x0000000780980000)
  object space 70656K, 9% used [0x0000000701c00000,0x00000007022918b8,0x0000000706100000)
 Metaspace       used 33817K, capacity 35352K, committed 35416K, reserved 1079296K
  class space    used 4340K, capacity 4644K, committed 4696K, reserved 1048576K
Event: 4.535 GC heap after
Heap after GC invocations=8 (full 1):
 PSYoungGen      total 170496K, used 9222K [0x0000000780980000, 0x0000000791680000, 0x00000007c0000000)
  eden space 158720K, 0% used [0x0000000780980000,0x0000000780980000,0x000000078a480000)
  from space 11776K, 78% used [0x000000078a480000,0x000000078ad81870,0x000000078b000000)
  to   space 11776K, 0% used [0x0000000790b00000,0x0000000790b00000,0x0000000791680000)
 ParOldGen       total 70656K, used 6734K [0x0000000701c00000, 0x0000000706100000, 0x0000000780980000)
  object space 70656K, 9% used [0x0000000701c00000,0x00000007022938b8,0x0000000706100000)
 Metaspace       used 33817K, capacity 35352K, committed 35416K, reserved 1079296K
  class space    used 4340K, capacity 4644K, committed 4696K, reserved 1048576K
}
Event: 4.535 GC heap before
{Heap before GC invocations=9 (full 2):
 PSYoungGen      total 170496K, used 9222K [0x0000000780980000, 0x0000000791680000, 0x00000007c0000000)
  eden space 158720K, 0% used [0x0000000780980000,0x0000000780980000,0x000000078a480000)
  from space 11776K, 78% used [0x000000078a480000,0x000000078ad81870,0x000000078b000000)
  to   space 11776K, 0% used [0x0000000790b00000,0x0000000790b00000,0x0000000791680000)
 ParOldGen       total 70656K, used 6734K [0x0000000701c00000, 0x0000000706100000, 0x0000000780980000)
  object space 70656K, 9% used [0x0000000701c00000,0x00000007022938b8,0x0000000706100000)
 Metaspace       used 33817K, capacity 35352K, committed 35416K, reserved 1079296K
  class space    used 4340K, capacity 4644K, committed 4696K, reserved 1048576K
Event: 4.591 GC heap after
Heap after GC invocations=9 (full 2):
 PSYoungGen      total 170496K, used 0K [0x0000000780980000, 0x0000000791680000, 0x00000007c0000000)
  eden space 158720K, 0% used [0x0000000780980000,0x0000000780980000,0x000000078a480000)
  from space 11776K, 0% used [0x000000078a480000,0x000000078a480000,0x000000078b000000)
  to   space 11776K, 0% used [0x0000000790b00000,0x0000000790b00000,0x0000000791680000)
 ParOldGen       total 103424K, used 13660K [0x0000000701c00000, 0x0000000708100000, 0x0000000780980000)
  object space 103424K, 13% used [0x0000000701c00000,0x0000000702957320,0x0000000708100000)
 Metaspace       used 33817K, capacity 35352K, committed 35416K, reserved 1079296K
  class space    used 4340K, capacity 4644K, committed 4696K, reserved 1048576K
}
Event: 6.425 GC heap before
{Heap before GC invocations=10 (full 2):
 PSYoungGen      total 170496K, used 158720K [0x0000000780980000, 0x0000000791680000, 0x00000007c0000000)
  eden space 158720K, 100% used [0x0000000780980000,0x000000078a480000,0x000000078a480000)
  from space 11776K, 0% used [0x000000078a480000,0x000000078a480000,0x000000078b000000)
  to   space 11776K, 0% used [0x0000000790b00000,0x0000000790b00000,0x0000000791680000)
 ParOldGen       total 103424K, used 13660K [0x0000000701c00000, 0x0000000708100000, 0x0000000780980000)
  object space 103424K, 13% used [0x0000000701c00000,0x0000000702957320,0x0000000708100000)
 Metaspace       used 52131K, capacity 53922K, committed 54104K, reserved 1095680K
  class space    used 7092K, capacity 7425K, committed 7512K, reserved 1048576K
Event: 6.444 GC heap after
Heap after GC invocations=10 (full 2):
 PSYoungGen      total 258560K, used 11757K [0x0000000780980000, 0x0000000791f00000, 0x00000007c0000000)
  eden space 246784K, 0% used [0x0000000780980000,0x0000000780980000,0x000000078fa80000)
  from space 11776K, 99% used [0x0000000790b00000,0x000000079167b670,0x0000000791680000)
  to   space 16896K, 0% used [0x000000078fa80000,0x000000078fa80000,0x0000000790b00000)
 ParOldGen       total 103424K, used 21521K [0x0000000701c00000, 0x0000000708100000, 0x0000000780980000)
  object space 103424K, 20% used [0x0000000701c00000,0x0000000703104710,0x0000000708100000)
 Metaspace       used 52131K, capacity 53922K, committed 54104K, reserved 1095680K
  class space    used 7092K, capacity 7425K, committed 7512K, reserved 1048576K
}

Deoptimization events (10 events):
Event: 6.794 Thread 0x00000000027e5800 Uncommon trap: reason=null_check action=make_not_entrant pc=0x000000000370fc10 method=org.springframework.core.annotation.AnnotatedElementUtils.searchWithFindSemantics(Ljava/lang/reflect/AnnotatedElement;Ljava/util/Set;Ljava/lang/String;Ljava/lang/Class;L
Event: 6.969 Thread 0x00000000027e5800 Uncommon trap: reason=class_check action=maybe_recompile pc=0x000000000363f184 method=sun.reflect.generics.reflectiveObjects.TypeVariableImpl.hashCode()I @ 4
Event: 6.969 Thread 0x00000000027e5800 Uncommon trap: reason=class_check action=maybe_recompile pc=0x000000000363f184 method=sun.reflect.generics.reflectiveObjects.TypeVariableImpl.hashCode()I @ 4
Event: 6.969 Thread 0x00000000027e5800 Uncommon trap: reason=class_check action=maybe_recompile pc=0x000000000363f184 method=sun.reflect.generics.reflectiveObjects.TypeVariableImpl.hashCode()I @ 4
Event: 6.969 Thread 0x00000000027e5800 Uncommon trap: reason=class_check action=maybe_recompile pc=0x000000000363f184 method=sun.reflect.generics.reflectiveObjects.TypeVariableImpl.hashCode()I @ 4
Event: 6.972 Thread 0x00000000027e5800 Uncommon trap: reason=unstable_if action=reinterpret pc=0x00000000034cf330 method=java.util.concurrent.ConcurrentHashMap.putVal(Ljava/lang/Object;Ljava/lang/Object;Z)Ljava/lang/Object; @ 331
Event: 6.973 Thread 0x00000000027e5800 Uncommon trap: reason=unstable_if action=reinterpret pc=0x0000000002aaae14 method=java.util.concurrent.ConcurrentHashMap.get(Ljava/lang/Object;)Ljava/lang/Object; @ 86
Event: 7.179 Thread 0x00000000027e5800 Uncommon trap: reason=unstable_if action=reinterpret pc=0x00000000037361d8 method=org.springframework.beans.factory.support.AbstractBeanFactory.isTypeMatch(Ljava/lang/String;Lorg/springframework/core/ResolvableType;)Z @ 26
Event: 7.220 Thread 0x00000000027e5800 Uncommon trap: reason=unstable_if action=reinterpret pc=0x0000000002d17a10 method=java.util.concurrent.ConcurrentHashMap.transfer([Ljava/util/concurrent/ConcurrentHashMap$Node;[Ljava/util/concurrent/ConcurrentHashMap$Node;)V @ 356
Event: 7.236 Thread 0x00000000027e5800 Uncommon trap: reason=unstable_if action=reinterpret pc=0x000000000372d49c method=org.springframework.beans.factory.support.DefaultSingletonBeanRegistry.getSingleton(Ljava/lang/String;Z)Ljava/lang/Object; @ 47

Internal exceptions (10 events):
Event: 6.741 Thread 0x00000000027e5800 Exception <a 'java/lang/ClassNotFoundException': org/springframework/boot/autoconfigure/web/servlet/WebMvcAutoConfiguration$EnableWebMvcConfigurationCustomizer> (0x0000000781c27a58) thrown at [C:\re\workspace\8-2-build-windows-amd64-cygwin\jdk8u151\9699\h
Event: 6.741 Thread 0x00000000027e5800 Exception <a 'java/lang/ClassNotFoundException': org/springframework/boot/autoconfigure/web/servlet/WebMvcAutoConfiguration$EnableWebMvcConfiguration$$EnhancerBySpringCGLIB$$65953fe1Customizer> (0x0000000781c58368) thrown at [C:\re\workspace\8-2-build-win
Event: 6.742 Thread 0x00000000027e5800 Exception <a 'java/lang/ClassNotFoundException': org/springframework/context/annotation/ConfigurationClassEnhancer$EnhancedConfigurationCustomizer> (0x0000000781c95840) thrown at [C:\re\workspace\8-2-build-windows-amd64-cygwin\jdk8u151\9699\hotspot\src\sh
Event: 6.742 Thread 0x00000000027e5800 Exception <a 'java/lang/ClassNotFoundException': org/springframework/beans/factory/BeanFactoryAwareCustomizer> (0x0000000781caa038) thrown at [C:\re\workspace\8-2-build-windows-amd64-cygwin\jdk8u151\9699\hotspot\src\share\vm\classfile\systemDictionary.cpp
Event: 6.743 Thread 0x00000000027e5800 Exception <a 'java/lang/ClassNotFoundException': org/springframework/beans/factory/AwareCustomizer> (0x0000000781cbd120) thrown at [C:\re\workspace\8-2-build-windows-amd64-cygwin\jdk8u151\9699\hotspot\src\share\vm\classfile\systemDictionary.cpp, line 210]
Event: 6.743 Thread 0x00000000027e5800 Exception <a 'java/lang/ClassNotFoundException': org/springframework/context/ApplicationContextAwareCustomizer> (0x0000000781cd1c98) thrown at [C:\re\workspace\8-2-build-windows-amd64-cygwin\jdk8u151\9699\hotspot\src\share\vm\classfile\systemDictionary.cp
Event: 6.743 Thread 0x00000000027e5800 Exception <a 'java/lang/ClassNotFoundException': org/springframework/beans/factory/AwareCustomizer> (0x0000000781ce4d58) thrown at [C:\re\workspace\8-2-build-windows-amd64-cygwin\jdk8u151\9699\hotspot\src\share\vm\classfile\systemDictionary.cpp, line 210]
Event: 6.744 Thread 0x00000000027e5800 Exception <a 'java/lang/ClassNotFoundException': org/springframework/web/context/ServletContextAwareCustomizer> (0x0000000781cf9860) thrown at [C:\re\workspace\8-2-build-windows-amd64-cygwin\jdk8u151\9699\hotspot\src\share\vm\classfile\systemDictionary.cp
Event: 6.744 Thread 0x00000000027e5800 Exception <a 'java/lang/ClassNotFoundException': org/springframework/beans/factory/AwareCustomizer> (0x0000000781d0c390) thrown at [C:\re\workspace\8-2-build-windows-amd64-cygwin\jdk8u151\9699\hotspot\src\share\vm\classfile\systemDictionary.cpp, line 210]
Event: 6.794 Thread 0x00000000027e5800 Implicit null exception at 0x0000000003708023 to 0x000000000370fbe5

Events (10 events):
Event: 7.242 Thread 0x000000001b36a800 flushing nmethod 0x000000000317ac50
Event: 7.242 Thread 0x000000001b36a800 flushing nmethod 0x000000000317b810
Event: 7.242 Thread 0x000000001b36a800 flushing nmethod 0x000000000317e7d0
Event: 7.242 Thread 0x000000001b36a800 flushing nmethod 0x000000000317f990
Event: 7.242 Thread 0x000000001b36a800 flushing nmethod 0x0000000003180590
Event: 7.242 Thread 0x000000001b36a800 flushing nmethod 0x00000000031815d0
Event: 7.242 Thread 0x000000001b36a800 flushing nmethod 0x0000000003186ed0
Event: 7.242 Thread 0x000000001b36a800 flushing nmethod 0x0000000003190ed0
Event: 7.242 Thread 0x000000001b36a800 flushing nmethod 0x0000000003195610
Event: 7.242 Thread 0x000000001b36a800 flushing nmethod 0x0000000003199fd0


Dynamic libraries:
0x00007ff62b780000 - 0x00007ff62b7b7000 	C:\Program Files\Java\jdk1.8.0_151\bin\java.exe
0x00007ff82f820000 - 0x00007ff82fa01000 	C:\WINDOWS\SYSTEM32\ntdll.dll
0x00007ff8027f0000 - 0x00007ff802802000 	C:\Program Files\AVAST Software\Avast\aswhook.dll
0x00007ff82e690000 - 0x00007ff82e741000 	C:\WINDOWS\System32\KERNEL32.DLL
0x00007ff82c6a0000 - 0x00007ff82c913000 	C:\WINDOWS\System32\KERNELBASE.dll
0x00007ff82eb30000 - 0x00007ff82ebd1000 	C:\WINDOWS\System32\ADVAPI32.dll
0x00007ff82ea90000 - 0x00007ff82eb2e000 	C:\WINDOWS\System32\msvcrt.dll
0x00007ff82ea30000 - 0x00007ff82ea8b000 	C:\WINDOWS\System32\sechost.dll
0x00007ff82e750000 - 0x00007ff82e874000 	C:\WINDOWS\System32\RPCRT4.dll
0x00007ff82f480000 - 0x00007ff82f610000 	C:\WINDOWS\System32\USER32.dll
0x00007ff82bbf0000 - 0x00007ff82bc10000 	C:\WINDOWS\System32\win32u.dll
0x00007ff82f450000 - 0x00007ff82f478000 	C:\WINDOWS\System32\GDI32.dll
0x00007ff82c920000 - 0x00007ff82cab2000 	C:\WINDOWS\System32\gdi32full.dll
0x00007ff82be40000 - 0x00007ff82bedf000 	C:\WINDOWS\System32\msvcp_win.dll
0x00007ff82bcf0000 - 0x00007ff82bde8000 	C:\WINDOWS\System32\ucrtbase.dll
0x00007ff817170000 - 0x00007ff8173d9000 	C:\WINDOWS\WinSxS\amd64_microsoft.windows.common-controls_6595b64144ccf1df_6.0.17134.765_none_fb42a1a930655896\COMCTL32.dll
0x00007ff82e0f0000 - 0x00007ff82e412000 	C:\WINDOWS\System32\combase.dll
0x00007ff82bc70000 - 0x00007ff82bcea000 	C:\WINDOWS\System32\bcryptPrimitives.dll
0x00007ff82f760000 - 0x00007ff82f78d000 	C:\WINDOWS\System32\IMM32.DLL
0x00000000596f0000 - 0x00000000597c2000 	C:\Program Files\Java\jdk1.8.0_151\jre\bin\msvcr100.dll
0x0000000058e50000 - 0x00000000596ed000 	C:\Program Files\Java\jdk1.8.0_151\jre\bin\server\jvm.dll
0x00007ff82ea20000 - 0x00007ff82ea28000 	C:\WINDOWS\System32\PSAPI.DLL
0x00007ff81ef80000 - 0x00007ff81ef89000 	C:\WINDOWS\SYSTEM32\WSOCK32.dll
0x00007ff82f610000 - 0x00007ff82f67c000 	C:\WINDOWS\System32\WS2_32.dll
0x00007ff828c50000 - 0x00007ff828c73000 	C:\WINDOWS\SYSTEM32\WINMM.dll
0x00007ff81c320000 - 0x00007ff81c32a000 	C:\WINDOWS\SYSTEM32\VERSION.dll
0x00007ff828c20000 - 0x00007ff828c4a000 	C:\WINDOWS\SYSTEM32\WINMMBASE.dll
0x00007ff82bdf0000 - 0x00007ff82be39000 	C:\WINDOWS\System32\cfgmgr32.dll
0x0000000058e40000 - 0x0000000058e4f000 	C:\Program Files\Java\jdk1.8.0_151\jre\bin\verify.dll
0x0000000058e10000 - 0x0000000058e39000 	C:\Program Files\Java\jdk1.8.0_151\jre\bin\java.dll
0x0000000058d80000 - 0x0000000058da3000 	C:\Program Files\Java\jdk1.8.0_151\jre\bin\instrument.dll
0x0000000058df0000 - 0x0000000058e06000 	C:\Program Files\Java\jdk1.8.0_151\jre\bin\zip.dll
0x00007ff82ccb0000 - 0x00007ff82e0f0000 	C:\WINDOWS\System32\SHELL32.dll
0x00007ff82e420000 - 0x00007ff82e4c9000 	C:\WINDOWS\System32\shcore.dll
0x00007ff82bee0000 - 0x00007ff82c5ed000 	C:\WINDOWS\System32\windows.storage.dll
0x00007ff82e4d0000 - 0x00007ff82e521000 	C:\WINDOWS\System32\shlwapi.dll
0x00007ff82bbb0000 - 0x00007ff82bbc1000 	C:\WINDOWS\System32\kernel.appcore.dll
0x00007ff82bb80000 - 0x00007ff82bb9f000 	C:\WINDOWS\System32\profapi.dll
0x00007ff82bb30000 - 0x00007ff82bb7c000 	C:\WINDOWS\System32\powrprof.dll
0x00007ff82bba0000 - 0x00007ff82bbaa000 	C:\WINDOWS\System32\FLTLIB.DLL
0x00007ff818960000 - 0x00007ff81897a000 	D:\Program Files\JetBrains\IntelliJ IDEA Community Edition 2019.1\bin\breakgen64.dll
0x0000000058dd0000 - 0x0000000058dea000 	C:\Program Files\Java\jdk1.8.0_151\jre\bin\net.dll
0x00007ff82b350000 - 0x00007ff82b3b6000 	C:\WINDOWS\system32\mswsock.dll
0x0000000058d70000 - 0x0000000058d7d000 	C:\Program Files\Java\jdk1.8.0_151\jre\bin\management.dll
0x00007ff820f20000 - 0x00007ff820f36000 	C:\WINDOWS\system32\napinsp.dll
0x00007ff820e50000 - 0x00007ff820e6a000 	C:\WINDOWS\system32\pnrpnsp.dll
0x00007ff827200000 - 0x00007ff827219000 	C:\WINDOWS\system32\NLAapi.dll
0x00007ff82b120000 - 0x00007ff82b1de000 	C:\WINDOWS\SYSTEM32\DNSAPI.dll
0x00007ff82f750000 - 0x00007ff82f758000 	C:\WINDOWS\System32\NSI.dll
0x00007ff82b0d0000 - 0x00007ff82b108000 	C:\WINDOWS\SYSTEM32\IPHLPAPI.DLL
0x00007ff820f10000 - 0x00007ff820f1e000 	C:\WINDOWS\System32\winrnr.dll
0x00007ff81f350000 - 0x00007ff81f365000 	C:\WINDOWS\System32\wshbth.dll
0x00007ff824830000 - 0x00007ff82483a000 	C:\Windows\System32\rasadhlp.dll
0x00007ff825660000 - 0x00007ff8256d2000 	C:\WINDOWS\System32\fwpuclnt.dll
0x00007ff82b630000 - 0x00007ff82b655000 	C:\WINDOWS\SYSTEM32\bcrypt.dll
0x0000000058db0000 - 0x0000000058dc1000 	C:\Program Files\Java\jdk1.8.0_151\jre\bin\nio.dll
0x00007ff82b500000 - 0x00007ff82b517000 	C:\WINDOWS\SYSTEM32\CRYPTSP.dll
0x00007ff82af30000 - 0x00007ff82af63000 	C:\WINDOWS\system32\rsaenh.dll
0x00007ff82ba30000 - 0x00007ff82ba58000 	C:\WINDOWS\SYSTEM32\USERENV.dll
0x00007ff82b520000 - 0x00007ff82b52b000 	C:\WINDOWS\SYSTEM32\CRYPTBASE.dll
0x00007ff824e90000 - 0x00007ff824ea6000 	C:\WINDOWS\SYSTEM32\dhcpcsvc6.DLL
0x00007ff824b50000 - 0x00007ff824b6a000 	C:\WINDOWS\SYSTEM32\dhcpcsvc.DLL

VM Arguments:
jvm_args: -javaagent:D:\Program Files\JetBrains\IntelliJ IDEA Community Edition 2019.1\lib\idea_rt.jar=9859:D:\Program Files\JetBrains\IntelliJ IDEA Community Edition 2019.1\bin -Dfile.encoding=UTF-8 
java_command: utn.lab5.tpfutbol.TpFutbolApplication
java_class_path (initial): C:\Program Files\Java\jdk1.8.0_151\jre\lib\charsets.jar;C:\Program Files\Java\jdk1.8.0_151\jre\lib\deploy.jar;C:\Program Files\Java\jdk1.8.0_151\jre\lib\ext\access-bridge-64.jar;C:\Program Files\Java\jdk1.8.0_151\jre\lib\ext\cldrdata.jar;C:\Program Files\Java\jdk1.8.0_151\jre\lib\ext\dnsns.jar;C:\Program Files\Java\jdk1.8.0_151\jre\lib\ext\jaccess.jar;C:\Program Files\Java\jdk1.8.0_151\jre\lib\ext\jfxrt.jar;C:\Program Files\Java\jdk1.8.0_151\jre\lib\ext\localedata.jar;C:\Program Files\Java\jdk1.8.0_151\jre\lib\ext\nashorn.jar;C:\Program Files\Java\jdk1.8.0_151\jre\lib\ext\sunec.jar;C:\Program Files\Java\jdk1.8.0_151\jre\lib\ext\sunjce_provider.jar;C:\Program Files\Java\jdk1.8.0_151\jre\lib\ext\sunmscapi.jar;C:\Program Files\Java\jdk1.8.0_151\jre\lib\ext\sunpkcs11.jar;C:\Program Files\Java\jdk1.8.0_151\jre\lib\ext\zipfs.jar;C:\Program Files\Java\jdk1.8.0_151\jre\lib\javaws.jar;C:\Program Files\Java\jdk1.8.0_151\jre\lib\jce.jar;C:\Program Files\Java\jdk1.8.0_151\jre\lib\jfr.jar;C:\Program Files\Java\jdk1.8.0_151\jre\lib\jfxswt.jar;C:\Program Files\Java\jdk1.8.0_151\jre\lib\jsse.jar;C:\Program Files\Java\jdk1.8.0_151\jre\lib\management-agent.jar;C:\Program Files\Java\jdk1.8.0_151\jre\lib\plugin.jar;C:\Program Files\Java\jdk1.8.0_151\jre\lib\resources.jar;C:\Program Files\Java\jdk1.8.0_151\jre\lib\rt.jar;D:\Workspace\UTN\lab5git\springboot-futbol\target\classes;C:\Users\mauro\.m2\repository\org\springframework\boot\spring-boot-starter-data-jpa\2.1.5.RELEASE\spring-boot-starter-data-jpa-2.1.5.RELEASE.jar;C:\Users\mauro\.m2\repository\org\springframework\boot\spring-boot-starter-aop\2.1.5.RELEASE\spring-boot-starter-aop-2.1.5.RELEASE.jar;C:\Users\mauro\.m2\repository\org\springframework\spring-aop\5.1.7.RELEASE\spring-aop-5.1.7.RELEASE.jar;C:\Users\mauro\.m2\repository\org\aspectj\aspectjweaver\1.9.4\aspectjweaver-1.9.4.jar;C:\Users\mauro\.m2\repository\org\springframework\boot\spring-boot-starter-jdbc\2.1.5.RELEASE\spring-boot-starter-jdbc-2.
Launcher Type: SUN_STANDARD

Environment Variables:
JAVA_HOME=C:\Program Files\Java\jdk1.8.0_151
PATH=C:\ProgramData\Oracle\Java\javapath;C:\WINDOWS\system32;C:\WINDOWS;C:\WINDOWS\System32\Wbem;C:\WINDOWS\System32\WindowsPowerShell\v1.0\;C:\Program Files (x86)\GtkSharp\2.12\bin;C:\Program Files\Microsoft SQL Server\Client SDK\ODBC\130\Tools\Binn\;C:\Program Files (x86)\Microsoft SQL Server\140\Tools\Binn\;C:\Program Files\Microsoft SQL Server\140\Tools\Binn\;C:\Program Files\Microsoft SQL Server\140\DTS\Binn\;C:\Program Files\Microsoft SQL Server\130\Tools\Binn\;C:\WINDOWS\System32\OpenSSH\;C:\Program Files (x86)\NVIDIA Corporation\PhysX\Common;C:\Program Files (x86)\Microsoft SQL Server\150\DTS\Binn\;C:\Program Files\Microsoft SQL Server\110\Tools\Binn\;C:\Program Files (x86)\Microsoft SDKs\TypeScript\1.0\;C:\Program Files\Microsoft SQL Server\120\Tools\Binn\;C:\Program Files\NVIDIA Corporation\NVIDIA NvDLISR;C:\Program Files\nodejs\;C:\Program Files\dotnet\;C:\xampp\php;C:\composer;C:\Program Files\Git\cmd;D:\maven\bin;C:\Program Files (x86)\Microsoft SQL Server\Client SDK\ODBC\130\Tools\Binn\;C:\Program Files (x86)\Microsoft SQL Server\140\DTS\Binn\;C:\Program Files (x86)\Microsoft SQL Server\140\Tools\Binn\ManagementStudio\;C:\Users\mauro\AppData\Local\Microsoft\WindowsApps;C:\Users\mauro\AppData\Roaming\npm;C:\Users\mauro\.dotnet\tools;C:\Users\mauro\AppData\Roaming\Composer\vendor\bin;C:\Users\mauro\AppData\Local\Programs\Microsoft VS Code\bin;d:\Program Files\JetBrains\IntelliJ IDEA Community Edition 2019.1\bin;;D:\maven\bin;C:\xampp\mysql\bin;
USERNAME=mauro
OS=Windows_NT
PROCESSOR_IDENTIFIER=Intel64 Family 6 Model 142 Stepping 9, GenuineIntel



---------------  S Y S T E M  ---------------

OS: Windows 10.0 , 64 bit Build 17134 (10.0.17134.753)

CPU:total 4 (initial active 4) (2 cores per cpu, 2 threads per core) family 6 model 142 stepping 9, cmov, cx8, fxsr, mmx, sse, sse2, sse3, ssse3, sse4.1, sse4.2, popcnt, avx, avx2, aes, clmul, erms, 3dnowpref, lzcnt, ht, tsc, tscinvbit, bmi1, bmi2, adx

Memory: 4k page, physical 12460572k(2365928k free), swap 12460572k(6096k free)

vm_info: Java HotSpot(TM) 64-Bit Server VM (25.151-b12) for windows-amd64 JRE (1.8.0_151-b12), built on Sep  5 2017 19:33:46 by "java_re" with MS VC++ 10.0 (VS2010)

time: Tue Jun 04 01:18:29 2019
elapsed time: 7 seconds (0d 0h 0m 7s)

